<?xml version="1.0" encoding="UTF-8"?>
<!-- Generated by org.testng.reporters.JUnitReportReporter -->
<testsuite hostname="LAPTOP-U9J30NI6" failures="0" tests="1" name="com.eBanking.testCases.LoginTest_TC_001" time="2.379" errors="0" timestamp="2021-11-28T22:07:41 IST" skipped="0">
  <testcase classname="com.eBanking.testCases.LoginTest_TC_001" name="loginTest" time="2.379"/>
  <system-out/>
</testsuite> <!-- com.eBanking.testCases.LoginTest_TC_001 -->
