<?xml version="1.0" encoding="UTF-8"?>
<!-- Generated by org.testng.reporters.JUnitReportReporter -->
<testsuite hostname="LAPTOP-U9J30NI6" failures="0" tests="1" name="com.eBanking.testCases.AddCustomer_TC003" time="17.842" errors="0" timestamp="2021-11-28T22:21:53 IST" skipped="0">
  <testcase classname="com.eBanking.testCases.AddCustomer_TC003" name="addNewCustomer" time="17.842"/>
  <system-out/>
</testsuite> <!-- com.eBanking.testCases.AddCustomer_TC003 -->
