<?xml version="1.0" encoding="UTF-8"?>
<!-- Generated by org.testng.reporters.JUnitReportReporter -->
<testsuite hostname="LAPTOP-U9J30NI6" failures="0" tests="1" name="com.eBanking.testCases.AddCustomer_TC003" time="15.320" errors="0" timestamp="2021-11-25T23:33:37 IST" skipped="0">
  <testcase classname="com.eBanking.testCases.AddCustomer_TC003" name="addNewCustomer" time="15.320"/>
  <system-out/>
</testsuite> <!-- com.eBanking.testCases.AddCustomer_TC003 -->
