<?xml version="1.0" encoding="UTF-8"?>
<!-- Generated by org.testng.reporters.JUnitReportReporter -->
<testsuite hostname="LAPTOP-U9J30NI6" failures="0" tests="1" name="com.eBanking.testCases.LoginTest_TC_001" time="1.554" errors="0" timestamp="2021-11-27T19:18:48 IST" skipped="0">
  <testcase classname="com.eBanking.testCases.LoginTest_TC_001" name="loginTest" time="1.554"/>
  <system-out/>
</testsuite> <!-- com.eBanking.testCases.LoginTest_TC_001 -->
